<?xml version="1.0" encoding="UTF-8"?>
<testng-results skipped="0" failed="0" ignored="0" total="1" passed="1">
  <reporter-output>
  </reporter-output>
  <suite name="Default suite" duration-ms="3724" started-at="2022-07-03T21:00:05Z" finished-at="2022-07-03T21:00:09Z">
    <groups>
    </groups>
    <test name="Default test" duration-ms="3724" started-at="2022-07-03T21:00:05Z" finished-at="2022-07-03T21:00:09Z">
      <class name="test.CreateAccountPageTest">
        <test-method status="PASS" signature="setUp()[pri:0, instance:test.CreateAccountPageTest@6328d34a]" name="setUp" is-config="true" duration-ms="4103" started-at="2022-07-03T17:00:01Z" finished-at="2022-07-03T17:00:05Z">
          <reporter-output>
          </reporter-output>
        </test-method> <!-- setUp -->
        <test-method status="PASS" signature="createaccountpageTest(java.lang.String, java.lang.String, java.lang.String, java.lang.String)[pri:0, instance:test.CreateAccountPageTest@6328d34a]" name="createaccountpageTest" duration-ms="3377" started-at="2022-07-03T17:00:06Z" data-provider="newaccount" finished-at="2022-07-03T17:00:09Z">
          <params>
            <param index="0">
              <value>
                <![CDATA[Java]]>
              </value>
            </param>
            <param index="1">
              <value>
                <![CDATA[stt]]>
              </value>
            </param>
            <param index="2">
              <value>
                <![CDATA[sajjad@]]>
              </value>
            </param>
            <param index="3">
              <value>
                <![CDATA[rrr]]>
              </value>
            </param>
          </params>
          <reporter-output>
          </reporter-output>
        </test-method> <!-- createaccountpageTest -->
      </class> <!-- test.CreateAccountPageTest -->
    </test> <!-- Default test -->
  </suite> <!-- Default suite -->
</testng-results>
